<?xml version="1.0" encoding="UTF-8"?>
<!-- Generated by org.testng.reporters.JUnitReportReporter -->
<testsuite hostname="DESKTOP-K6D606K" name="Project.PracticePageTest2" tests="18" failures="0" timestamp="6 Aug 2018 00:25:18 GMT" time="218.875" errors="0">
  <testcase name="getAlert" time="9.921" classname="Project.PracticePageTest2"/>
  <testcase name="iFrameOperation" time="12.394" classname="Project.PracticePageTest2"/>
  <testcase name="iFrameTitle" time="9.377" classname="Project.PracticePageTest2"/>
  <testcase name="elementHide" time="9.668" classname="Project.PracticePageTest2"/>
  <testcase name="OpenNewWindow" time="10.601" classname="Project.PracticePageTest2"/>
  <testcase name="getConfirm" time="9.063" classname="Project.PracticePageTest2"/>
  <testcase name="getSwitchAlertTitle" time="11.290" classname="Project.PracticePageTest2"/>
  <testcase name="getSwitchTabTitle" time="11.140" classname="Project.PracticePageTest2"/>
  <testcase name="mouseHoverTitle" time="14.165" classname="Project.PracticePageTest2"/>
  <testcase name="elementShow" time="14.908" classname="Project.PracticePageTest2"/>
  <testcase name="getElementDisplayedTitle" time="9.560" classname="Project.PracticePageTest2"/>
  <testcase name="OpenNewTab" time="12.701" classname="Project.PracticePageTest2"/>
  <testcase name="getTable" time="13.242" classname="Project.PracticePageTest2"/>
  <testcase name="getTableTitle" time="12.021" classname="Project.PracticePageTest2"/>
  <testcase name="accessAllLinks" time="25.183" classname="Project.PracticePageTest2"/>
  <testcase name="getSwitchWindowTitle" time="9.897" classname="Project.PracticePageTest2"/>
  <testcase name="mouseHoverselectReload" time="12.680" classname="Project.PracticePageTest2"/>
  <testcase name="mouseHoverselectTop" time="11.064" classname="Project.PracticePageTest2"/>
</testsuite> <!-- Project.PracticePageTest2 -->
