<?xml version="1.0" encoding="UTF-8"?>
<!-- Generated by org.testng.reporters.JUnitReportReporter -->
<testsuite hostname="DESKTOP-K6D606K" name="Project.PracticePageTest" tests="1" failures="0" timestamp="8 Jun 2018 03:02:40 GMT" time="13.438" errors="0">
  <testcase name="selectCheckbox" time="13.438" classname="Project.PracticePageTest"/>
</testsuite> <!-- Project.PracticePageTest -->
