<?xml version="1.0" encoding="UTF-8"?>
<!-- Generated by org.testng.reporters.JUnitReportReporter -->
<testsuite hostname="DESKTOP-K6D606K" name="Project.LoginPageTest" tests="5" failures="0" timestamp="6 Aug 2018 00:25:18 GMT" time="113.976" errors="0">
  <testcase name="ForgotPassword" time="12.014" classname="Project.LoginPageTest"/>
  <testcase name="SendInstructions" time="12.585" classname="Project.LoginPageTest"/>
  <testcase name="LoginDetails" time="22.477" classname="Project.LoginPageTest"/>
  <testcase name="LoginButton" time="21.550" classname="Project.LoginPageTest"/>
  <testcase name="LoginDetails" time="45.350" classname="Project.LoginPageTest"/>
</testsuite> <!-- Project.LoginPageTest -->
