<?xml version="1.0" encoding="UTF-8"?>
<!-- Generated by org.testng.reporters.JUnitReportReporter -->
<testsuite hostname="DESKTOP-K6D606K" name="Project.SignUpPageTest" tests="5" failures="0" timestamp="6 Aug 2018 00:25:18 GMT" time="186.012" errors="0">
  <testcase name="SignUpTest" time="49.341" classname="Project.SignUpPageTest"/>
  <testcase name="TitleTextValidation" time="7.386" classname="Project.SignUpPageTest"/>
  <testcase name="SignUpTest" time="30.682" classname="Project.SignUpPageTest"/>
  <testcase name="SignUpTest" time="48.823" classname="Project.SignUpPageTest"/>
  <testcase name="SignUpTest" time="49.780" classname="Project.SignUpPageTest"/>
</testsuite> <!-- Project.SignUpPageTest -->
